<?xml version="1.0" encoding="UTF-8"?>
<robot generator="Robot 7.0 (Python 3.12.1 on win32)" generated="2024-01-25T14:16:44.723916" rpa="false" schemaversion="5">
<suite id="s1" name="N11Tests" source="C:\Users\PC\IdeaProjects\End2End_N11_RobotFramework\Test\N11Tests.robot">
<test id="s1-t1" name="N11 Arama Testi" line="6">
<kw name="N11 Sayfasını Ac" owner="Keywords" type="SETUP">
<kw name="Open N11 Sayfası" owner="N11_Pages">
<kw name="Open Browser" owner="SeleniumLibrary">
<msg time="2024-01-25T14:16:45.269603" level="INFO">Opening browser 'Chrome' to base url 'https://www.n11.com/'.</msg>
<arg>${URL}</arg>
<arg>Chrome</arg>
<doc>Opens a new browser instance to the optional ``url``.</doc>
<status status="PASS" start="2024-01-25T14:16:45.268604" elapsed="6.857362"/>
</kw>
<kw name="Maximize Browser Window" owner="SeleniumLibrary">
<doc>Maximizes current browser window.</doc>
<status status="PASS" start="2024-01-25T14:16:52.127966" elapsed="0.312773"/>
</kw>
<status status="PASS" start="2024-01-25T14:16:45.267606" elapsed="7.174133"/>
</kw>
<status status="PASS" start="2024-01-25T14:16:45.266606" elapsed="7.175133"/>
</kw>
<kw name="Arama Yap" owner="Keywords">
<kw name="Arama Yap" owner="N11_Pages">
<kw name="Sleep" owner="BuiltIn">
<msg time="2024-01-25T14:16:54.451936" level="INFO">Slept 2 seconds.</msg>
<arg>2s</arg>
<doc>Pauses the test executed for the given time.</doc>
<status status="PASS" start="2024-01-25T14:16:52.445229" elapsed="2.006707"/>
</kw>
<kw name="Input Text" owner="SeleniumLibrary">
<msg time="2024-01-25T14:16:54.451936" level="INFO">Typing text 'macBook pro 2023' into text field 'id=searchData'.</msg>
<arg>${Arama_Yeri}</arg>
<arg>${Aranacak_urun}</arg>
<doc>Types the given ``text`` into the text field identified by ``locator``.</doc>
<status status="PASS" start="2024-01-25T14:16:54.451936" elapsed="0.292178"/>
</kw>
<kw name="Sleep" owner="BuiltIn">
<msg time="2024-01-25T14:16:56.752797" level="INFO">Slept 2 seconds.</msg>
<arg>2s</arg>
<doc>Pauses the test executed for the given time.</doc>
<status status="PASS" start="2024-01-25T14:16:54.748839" elapsed="2.003958"/>
</kw>
<kw name="Click Element" owner="SeleniumLibrary">
<msg time="2024-01-25T14:16:56.752797" level="INFO">Clicking element '//*[@title='ARA']'.</msg>
<arg>${Arama_Butonu}</arg>
<doc>Click the element identified by ``locator``.</doc>
<status status="PASS" start="2024-01-25T14:16:56.752797" elapsed="2.728672"/>
</kw>
<arg>${Aranacak_urun}</arg>
<status status="PASS" start="2024-01-25T14:16:52.443737" elapsed="7.038732"/>
</kw>
<arg>${Aranacak_urun}</arg>
<status status="PASS" start="2024-01-25T14:16:52.442738" elapsed="7.040730"/>
</kw>
<kw name="Close Browser" owner="SeleniumLibrary" type="TEARDOWN">
<doc>Closes the current browser.</doc>
<status status="PASS" start="2024-01-25T14:16:59.485468" elapsed="2.495815"/>
</kw>
<status status="PASS" start="2024-01-25T14:16:45.264605" elapsed="16.716678"/>
</test>
<status status="PASS" start="2024-01-25T14:16:44.729913" elapsed="17.254374"/>
</suite>
<statistics>
<total>
<stat pass="1" fail="0" skip="0">All Tests</stat>
</total>
<tag>
</tag>
<suite>
<stat pass="1" fail="0" skip="0" id="s1" name="N11Tests">N11Tests</stat>
</suite>
</statistics>
<errors>
</errors>
</robot>
